<?xml version="1.0" encoding="UTF-8"?>
<!-- Generated by org.testng.reporters.JUnitReportReporter -->
<testsuite hostname="Amrieen" failures="0" tests="1" name="Script.changeLocationGRA" time="75.615" errors="0" timestamp="2022-02-03T12:52:41 IST" skipped="0">
  <testcase classname="Script.changeLocationGRA" name="Login123" time="75.615"/>
  <system-out/>
</testsuite> <!-- Script.changeLocationGRA -->
