<?xml version="1.0" encoding="UTF-8"?>
<!-- Generated by org.testng.reporters.JUnitReportReporter -->
<testsuite hostname="Amrieen" failures="0" tests="1" name="Script.changeLocationGRA" time="61.117" errors="0" timestamp="2022-02-03T14:06:47 IST" skipped="0">
  <testcase classname="Script.changeLocationGRA" name="Login123" time="61.117"/>
  <system-out/>
</testsuite> <!-- Script.changeLocationGRA -->
