<?xml version="1.0" encoding="UTF-8"?>
<!-- Generated by org.testng.reporters.JUnitReportReporter -->
<testsuite hostname="Amrieen" failures="0" tests="1" name="Script.changeLocationGRA" time="63.028" errors="0" timestamp="2021-12-15T16:46:46 IST" skipped="0">
  <testcase classname="Script.changeLocationGRA" name="Login123" time="63.028"/>
  <system-out/>
</testsuite> <!-- Script.changeLocationGRA -->
